{"/Users/ashishkryadav/Desktop/React_App/Assignment/todo App/crudWithLoginApp/src/components/dashboard/AddTodo.jsx": {"path":"/Users/ashishkryadav/Desktop/React_App/Assignment/todo App/crudWithLoginApp/src/components/dashboard/AddTodo.jsx","all":false,"statementMap":{"0":{"start":{"line":1,"column":0},"end":{"line":1,"column":54}},"1":{"start":{"line":2,"column":0},"end":{"line":2,"column":61}},"2":{"start":{"line":3,"column":0},"end":{"line":3,"column":49}},"3":{"start":{"line":4,"column":0},"end":{"line":4,"column":0}},"4":{"start":{"line":5,"column":0},"end":{"line":5,"column":71}},"5":{"start":{"line":6,"column":0},"end":{"line":6,"column":29}},"6":{"start":{"line":7,"column":0},"end":{"line":7,"column":0}},"7":{"start":{"line":8,"column":0},"end":{"line":8,"column":10}},"8":{"start":{"line":9,"column":0},"end":{"line":9,"column":6}},"9":{"start":{"line":10,"column":0},"end":{"line":10,"column":38}},"10":{"start":{"line":11,"column":0},"end":{"line":11,"column":18}},"11":{"start":{"line":12,"column":0},"end":{"line":12,"column":30}},"12":{"start":{"line":13,"column":0},"end":{"line":13,"column":28}},"13":{"start":{"line":14,"column":0},"end":{"line":14,"column":30}},"14":{"start":{"line":15,"column":0},"end":{"line":15,"column":59}},"15":{"start":{"line":16,"column":0},"end":{"line":16,"column":39}},"16":{"start":{"line":17,"column":0},"end":{"line":17,"column":38}},"17":{"start":{"line":18,"column":0},"end":{"line":18,"column":10}},"18":{"start":{"line":19,"column":0},"end":{"line":19,"column":15}},"19":{"start":{"line":20,"column":0},"end":{"line":20,"column":29}},"20":{"start":{"line":21,"column":0},"end":{"line":21,"column":25}},"21":{"start":{"line":22,"column":0},"end":{"line":22,"column":33}},"22":{"start":{"line":23,"column":0},"end":{"line":23,"column":49}},"23":{"start":{"line":24,"column":0},"end":{"line":24,"column":9}},"24":{"start":{"line":25,"column":0},"end":{"line":25,"column":18}},"25":{"start":{"line":26,"column":0},"end":{"line":26,"column":17}},"26":{"start":{"line":27,"column":0},"end":{"line":27,"column":12}},"27":{"start":{"line":28,"column":0},"end":{"line":28,"column":7}},"28":{"start":{"line":29,"column":0},"end":{"line":29,"column":4}},"29":{"start":{"line":30,"column":0},"end":{"line":30,"column":2}},"30":{"start":{"line":31,"column":0},"end":{"line":31,"column":0}},"31":{"start":{"line":32,"column":0},"end":{"line":32,"column":23}}},"s":{"0":1,"1":1,"2":1,"3":1,"4":1,"5":10,"6":10,"7":10,"8":10,"9":10,"10":10,"11":10,"12":10,"13":10,"14":10,"15":10,"16":10,"17":10,"18":10,"19":10,"20":10,"21":10,"22":10,"23":10,"24":10,"25":10,"26":10,"27":10,"28":10,"29":10,"30":1,"31":1},"branchMap":{"0":{"type":"branch","line":5,"loc":{"start":{"line":5,"column":16},"end":{"line":30,"column":2}},"locations":[{"start":{"line":5,"column":16},"end":{"line":30,"column":2}}]}},"b":{"0":[10]},"fnMap":{"0":{"name":"AddTodo","decl":{"start":{"line":5,"column":16},"end":{"line":30,"column":2}},"loc":{"start":{"line":5,"column":16},"end":{"line":30,"column":2}},"line":5},"1":{"name":"onChange","decl":{"start":{"line":15,"column":20},"end":{"line":15,"column":59}},"loc":{"start":{"line":15,"column":20},"end":{"line":15,"column":59}},"line":15}},"f":{"0":10,"1":0}}
,"/Users/ashishkryadav/Desktop/React_App/Assignment/todo App/crudWithLoginApp/src/components/dashboard/TodoItem.jsx": {"path":"/Users/ashishkryadav/Desktop/React_App/Assignment/todo App/crudWithLoginApp/src/components/dashboard/TodoItem.jsx","all":false,"statementMap":{"0":{"start":{"line":1,"column":0},"end":{"line":1,"column":8}},"1":{"start":{"line":2,"column":0},"end":{"line":2,"column":13}},"2":{"start":{"line":3,"column":0},"end":{"line":3,"column":12}},"3":{"start":{"line":4,"column":0},"end":{"line":4,"column":11}},"4":{"start":{"line":5,"column":0},"end":{"line":5,"column":12}},"5":{"start":{"line":6,"column":0},"end":{"line":6,"column":10}},"6":{"start":{"line":7,"column":0},"end":{"line":7,"column":27}},"7":{"start":{"line":8,"column":0},"end":{"line":8,"column":49}},"8":{"start":{"line":9,"column":0},"end":{"line":9,"column":8}},"9":{"start":{"line":10,"column":0},"end":{"line":10,"column":19}},"10":{"start":{"line":11,"column":0},"end":{"line":11,"column":16}},"11":{"start":{"line":12,"column":0},"end":{"line":12,"column":16}},"12":{"start":{"line":13,"column":0},"end":{"line":13,"column":24}},"13":{"start":{"line":14,"column":0},"end":{"line":14,"column":17}},"14":{"start":{"line":15,"column":0},"end":{"line":15,"column":15}},"15":{"start":{"line":16,"column":0},"end":{"line":16,"column":28}},"16":{"start":{"line":17,"column":0},"end":{"line":17,"column":0}},"17":{"start":{"line":18,"column":0},"end":{"line":18,"column":19}},"18":{"start":{"line":19,"column":0},"end":{"line":19,"column":7}},"19":{"start":{"line":20,"column":0},"end":{"line":20,"column":16}},"20":{"start":{"line":21,"column":0},"end":{"line":21,"column":19}},"21":{"start":{"line":22,"column":0},"end":{"line":22,"column":18}},"22":{"start":{"line":23,"column":0},"end":{"line":23,"column":17}},"23":{"start":{"line":24,"column":0},"end":{"line":24,"column":19}},"24":{"start":{"line":25,"column":0},"end":{"line":25,"column":13}},"25":{"start":{"line":26,"column":0},"end":{"line":26,"column":11}},"26":{"start":{"line":27,"column":0},"end":{"line":27,"column":14}},"27":{"start":{"line":28,"column":0},"end":{"line":28,"column":7}},"28":{"start":{"line":29,"column":0},"end":{"line":29,"column":29}},"29":{"start":{"line":30,"column":0},"end":{"line":30,"column":0}},"30":{"start":{"line":31,"column":0},"end":{"line":31,"column":10}},"31":{"start":{"line":32,"column":0},"end":{"line":32,"column":6}},"32":{"start":{"line":33,"column":0},"end":{"line":33,"column":80}},"33":{"start":{"line":34,"column":0},"end":{"line":34,"column":19}},"34":{"start":{"line":35,"column":0},"end":{"line":35,"column":37}},"35":{"start":{"line":36,"column":0},"end":{"line":36,"column":22}},"36":{"start":{"line":37,"column":0},"end":{"line":37,"column":30}},"37":{"start":{"line":38,"column":0},"end":{"line":38,"column":59}},"38":{"start":{"line":39,"column":0},"end":{"line":39,"column":23}},"39":{"start":{"line":40,"column":0},"end":{"line":40,"column":14}},"40":{"start":{"line":41,"column":0},"end":{"line":41,"column":15}},"41":{"start":{"line":42,"column":0},"end":{"line":42,"column":22}},"42":{"start":{"line":43,"column":0},"end":{"line":43,"column":12}},"43":{"start":{"line":44,"column":0},"end":{"line":44,"column":20}},"44":{"start":{"line":45,"column":0},"end":{"line":45,"column":19}},"45":{"start":{"line":46,"column":0},"end":{"line":46,"column":62}},"46":{"start":{"line":47,"column":0},"end":{"line":47,"column":40}},"47":{"start":{"line":48,"column":0},"end":{"line":48,"column":25}},"48":{"start":{"line":49,"column":0},"end":{"line":49,"column":31}},"49":{"start":{"line":50,"column":0},"end":{"line":50,"column":73}},"50":{"start":{"line":51,"column":0},"end":{"line":51,"column":15}},"51":{"start":{"line":52,"column":0},"end":{"line":52,"column":34}},"52":{"start":{"line":53,"column":0},"end":{"line":53,"column":27}},"53":{"start":{"line":54,"column":0},"end":{"line":54,"column":17}},"54":{"start":{"line":55,"column":0},"end":{"line":55,"column":25}},"55":{"start":{"line":56,"column":0},"end":{"line":56,"column":31}},"56":{"start":{"line":57,"column":0},"end":{"line":57,"column":73}},"57":{"start":{"line":58,"column":0},"end":{"line":58,"column":15}},"58":{"start":{"line":59,"column":0},"end":{"line":59,"column":33}},"59":{"start":{"line":60,"column":0},"end":{"line":60,"column":27}},"60":{"start":{"line":61,"column":0},"end":{"line":61,"column":14}},"61":{"start":{"line":62,"column":0},"end":{"line":62,"column":25}},"62":{"start":{"line":63,"column":0},"end":{"line":63,"column":20}},"63":{"start":{"line":64,"column":0},"end":{"line":64,"column":19}},"64":{"start":{"line":65,"column":0},"end":{"line":65,"column":40}},"65":{"start":{"line":66,"column":0},"end":{"line":66,"column":59}},"66":{"start":{"line":67,"column":0},"end":{"line":67,"column":23}},"67":{"start":{"line":68,"column":0},"end":{"line":68,"column":29}},"68":{"start":{"line":69,"column":0},"end":{"line":69,"column":56}},"69":{"start":{"line":70,"column":0},"end":{"line":70,"column":13}},"70":{"start":{"line":71,"column":0},"end":{"line":71,"column":39}},"71":{"start":{"line":72,"column":0},"end":{"line":72,"column":25}},"72":{"start":{"line":73,"column":0},"end":{"line":73,"column":25}},"73":{"start":{"line":74,"column":0},"end":{"line":74,"column":20}},"74":{"start":{"line":75,"column":0},"end":{"line":75,"column":19}},"75":{"start":{"line":76,"column":0},"end":{"line":76,"column":37}},"76":{"start":{"line":77,"column":0},"end":{"line":77,"column":35}},"77":{"start":{"line":78,"column":0},"end":{"line":78,"column":14}},"78":{"start":{"line":79,"column":0},"end":{"line":79,"column":61}},"79":{"start":{"line":80,"column":0},"end":{"line":80,"column":27}},"80":{"start":{"line":81,"column":0},"end":{"line":81,"column":33}},"81":{"start":{"line":82,"column":0},"end":{"line":82,"column":57}},"82":{"start":{"line":83,"column":0},"end":{"line":83,"column":17}},"83":{"start":{"line":84,"column":0},"end":{"line":84,"column":38}},"84":{"start":{"line":85,"column":0},"end":{"line":85,"column":29}},"85":{"start":{"line":86,"column":0},"end":{"line":86,"column":24}},"86":{"start":{"line":87,"column":0},"end":{"line":87,"column":0}},"87":{"start":{"line":88,"column":0},"end":{"line":88,"column":68}},"88":{"start":{"line":89,"column":0},"end":{"line":89,"column":73}},"89":{"start":{"line":90,"column":0},"end":{"line":90,"column":35}},"90":{"start":{"line":91,"column":0},"end":{"line":91,"column":29}},"91":{"start":{"line":92,"column":0},"end":{"line":92,"column":24}},"92":{"start":{"line":93,"column":0},"end":{"line":93,"column":15}},"93":{"start":{"line":94,"column":0},"end":{"line":94,"column":15}},"94":{"start":{"line":95,"column":0},"end":{"line":95,"column":48}},"95":{"start":{"line":96,"column":0},"end":{"line":96,"column":59}},"96":{"start":{"line":97,"column":0},"end":{"line":97,"column":25}},"97":{"start":{"line":98,"column":0},"end":{"line":98,"column":31}},"98":{"start":{"line":99,"column":0},"end":{"line":99,"column":68}},"99":{"start":{"line":100,"column":0},"end":{"line":100,"column":15}},"100":{"start":{"line":101,"column":0},"end":{"line":101,"column":32}},"101":{"start":{"line":102,"column":0},"end":{"line":102,"column":27}},"102":{"start":{"line":103,"column":0},"end":{"line":103,"column":22}},"103":{"start":{"line":104,"column":0},"end":{"line":104,"column":12}},"104":{"start":{"line":105,"column":0},"end":{"line":105,"column":20}},"105":{"start":{"line":106,"column":0},"end":{"line":106,"column":17}},"106":{"start":{"line":107,"column":0},"end":{"line":107,"column":7}},"107":{"start":{"line":108,"column":0},"end":{"line":108,"column":4}},"108":{"start":{"line":109,"column":0},"end":{"line":109,"column":2}},"109":{"start":{"line":110,"column":0},"end":{"line":110,"column":0}},"110":{"start":{"line":111,"column":0},"end":{"line":111,"column":24}}},"s":{"0":1,"1":1,"2":1,"3":1,"4":1,"5":1,"6":1,"7":1,"8":1,"9":1,"10":1,"11":1,"12":1,"13":1,"14":1,"15":1,"16":1,"17":1,"18":8,"19":8,"20":8,"21":8,"22":8,"23":8,"24":8,"25":8,"26":8,"27":8,"28":8,"29":8,"30":8,"31":8,"32":8,"33":8,"34":8,"35":2,"36":2,"37":2,"38":2,"39":2,"40":6,"41":6,"42":8,"43":8,"44":8,"45":8,"46":8,"47":0,"48":0,"49":0,"50":0,"51":0,"52":0,"53":8,"54":8,"55":8,"56":8,"57":8,"58":8,"59":8,"60":8,"61":8,"62":8,"63":8,"64":8,"65":8,"66":8,"67":8,"68":8,"69":8,"70":8,"71":8,"72":8,"73":8,"74":8,"75":8,"76":2,"77":2,"78":2,"79":2,"80":2,"81":2,"82":2,"83":2,"84":2,"85":2,"86":2,"87":2,"88":2,"89":2,"90":2,"91":2,"92":2,"93":6,"94":6,"95":6,"96":6,"97":6,"98":6,"99":6,"100":6,"101":6,"102":6,"103":8,"104":8,"105":8,"106":8,"107":8,"108":8,"109":1,"110":1},"branchMap":{"0":{"type":"branch","line":18,"loc":{"start":{"line":18,"column":17},"end":{"line":109,"column":2}},"locations":[{"start":{"line":18,"column":17},"end":{"line":109,"column":2}}]},"1":{"type":"branch","line":33,"loc":{"start":{"line":33,"column":46},"end":{"line":33,"column":76}},"locations":[{"start":{"line":33,"column":46},"end":{"line":33,"column":76}}]},"2":{"type":"branch","line":35,"loc":{"start":{"line":35,"column":31},"end":{"line":40,"column":14}},"locations":[{"start":{"line":35,"column":31},"end":{"line":40,"column":14}}]},"3":{"type":"branch","line":40,"loc":{"start":{"line":40,"column":12},"end":{"line":42,"column":22}},"locations":[{"start":{"line":40,"column":12},"end":{"line":42,"column":22}}]},"4":{"type":"branch","line":47,"loc":{"start":{"line":47,"column":32},"end":{"line":53,"column":27}},"locations":[{"start":{"line":47,"column":32},"end":{"line":53,"column":27}}]},"5":{"type":"branch","line":76,"loc":{"start":{"line":76,"column":31},"end":{"line":93,"column":15}},"locations":[{"start":{"line":76,"column":31},"end":{"line":93,"column":15}}]},"6":{"type":"branch","line":93,"loc":{"start":{"line":93,"column":12},"end":{"line":103,"column":22}},"locations":[{"start":{"line":93,"column":12},"end":{"line":103,"column":22}}]},"7":{"type":"branch","line":38,"loc":{"start":{"line":38,"column":24},"end":{"line":38,"column":59}},"locations":[{"start":{"line":38,"column":24},"end":{"line":38,"column":59}}]},"8":{"type":"branch","line":57,"loc":{"start":{"line":57,"column":25},"end":{"line":57,"column":73}},"locations":[{"start":{"line":57,"column":25},"end":{"line":57,"column":73}}]},"9":{"type":"branch","line":69,"loc":{"start":{"line":69,"column":23},"end":{"line":69,"column":56}},"locations":[{"start":{"line":69,"column":23},"end":{"line":69,"column":56}}]},"10":{"type":"branch","line":82,"loc":{"start":{"line":82,"column":27},"end":{"line":82,"column":57}},"locations":[{"start":{"line":82,"column":27},"end":{"line":82,"column":57}}]},"11":{"type":"branch","line":99,"loc":{"start":{"line":99,"column":25},"end":{"line":99,"column":68}},"locations":[{"start":{"line":99,"column":25},"end":{"line":99,"column":68}}]}},"b":{"0":[8],"1":[0],"2":[2],"3":[6],"4":[0],"5":[2],"6":[6],"7":[1],"8":[1],"9":[1],"10":[1],"11":[1]},"fnMap":{"0":{"name":"TodoItem","decl":{"start":{"line":18,"column":17},"end":{"line":109,"column":2}},"loc":{"start":{"line":18,"column":17},"end":{"line":109,"column":2}},"line":18},"1":{"name":"onChange","decl":{"start":{"line":38,"column":24},"end":{"line":38,"column":59}},"loc":{"start":{"line":38,"column":24},"end":{"line":38,"column":59}},"line":38},"2":{"name":"onClick","decl":{"start":{"line":50,"column":25},"end":{"line":50,"column":73}},"loc":{"start":{"line":50,"column":25},"end":{"line":50,"column":73}},"line":50},"3":{"name":"onClick","decl":{"start":{"line":57,"column":25},"end":{"line":57,"column":73}},"loc":{"start":{"line":57,"column":25},"end":{"line":57,"column":73}},"line":57},"4":{"name":"onClick","decl":{"start":{"line":69,"column":23},"end":{"line":69,"column":56}},"loc":{"start":{"line":69,"column":23},"end":{"line":69,"column":56}},"line":69},"5":{"name":"onClick","decl":{"start":{"line":82,"column":27},"end":{"line":82,"column":57}},"loc":{"start":{"line":82,"column":27},"end":{"line":82,"column":57}},"line":82},"6":{"name":"onClick","decl":{"start":{"line":99,"column":25},"end":{"line":99,"column":68}},"loc":{"start":{"line":99,"column":25},"end":{"line":99,"column":68}},"line":99}},"f":{"0":8,"1":1,"2":0,"3":1,"4":1,"5":1,"6":1}}
,"/Users/ashishkryadav/Desktop/React_App/Assignment/todo App/crudWithLoginApp/src/components/dashboard/TodoList.jsx": {"path":"/Users/ashishkryadav/Desktop/React_App/Assignment/todo App/crudWithLoginApp/src/components/dashboard/TodoList.jsx","all":false,"statementMap":{"0":{"start":{"line":1,"column":0},"end":{"line":1,"column":50}},"1":{"start":{"line":2,"column":0},"end":{"line":2,"column":8}},"2":{"start":{"line":3,"column":0},"end":{"line":3,"column":12}},"3":{"start":{"line":4,"column":0},"end":{"line":4,"column":12}},"4":{"start":{"line":5,"column":0},"end":{"line":5,"column":17}},"5":{"start":{"line":6,"column":0},"end":{"line":6,"column":8}},"6":{"start":{"line":7,"column":0},"end":{"line":7,"column":12}},"7":{"start":{"line":8,"column":0},"end":{"line":8,"column":11}},"8":{"start":{"line":9,"column":0},"end":{"line":9,"column":27}},"9":{"start":{"line":10,"column":0},"end":{"line":10,"column":55}},"10":{"start":{"line":11,"column":0},"end":{"line":11,"column":47}},"11":{"start":{"line":12,"column":0},"end":{"line":12,"column":61}},"12":{"start":{"line":13,"column":0},"end":{"line":13,"column":49}},"13":{"start":{"line":14,"column":0},"end":{"line":14,"column":38}},"14":{"start":{"line":15,"column":0},"end":{"line":15,"column":36}},"15":{"start":{"line":16,"column":0},"end":{"line":16,"column":0}},"16":{"start":{"line":17,"column":0},"end":{"line":17,"column":24}},"17":{"start":{"line":18,"column":0},"end":{"line":18,"column":29}},"18":{"start":{"line":19,"column":0},"end":{"line":19,"column":9}},"19":{"start":{"line":20,"column":0},"end":{"line":20,"column":10}},"20":{"start":{"line":21,"column":0},"end":{"line":21,"column":12}},"21":{"start":{"line":22,"column":0},"end":{"line":22,"column":10}},"22":{"start":{"line":23,"column":0},"end":{"line":23,"column":12}},"23":{"start":{"line":24,"column":0},"end":{"line":24,"column":15}},"24":{"start":{"line":25,"column":0},"end":{"line":25,"column":15}},"25":{"start":{"line":26,"column":0},"end":{"line":26,"column":25}},"26":{"start":{"line":27,"column":0},"end":{"line":27,"column":23}},"27":{"start":{"line":28,"column":0},"end":{"line":28,"column":53}},"28":{"start":{"line":29,"column":0},"end":{"line":29,"column":47}},"29":{"start":{"line":30,"column":0},"end":{"line":30,"column":55}},"30":{"start":{"line":31,"column":0},"end":{"line":31,"column":0}},"31":{"start":{"line":32,"column":0},"end":{"line":32,"column":31}},"32":{"start":{"line":33,"column":0},"end":{"line":33,"column":30}},"33":{"start":{"line":34,"column":0},"end":{"line":34,"column":57}},"34":{"start":{"line":35,"column":0},"end":{"line":35,"column":56}},"35":{"start":{"line":36,"column":0},"end":{"line":36,"column":26}},"36":{"start":{"line":37,"column":0},"end":{"line":37,"column":5}},"37":{"start":{"line":38,"column":0},"end":{"line":38,"column":4}},"38":{"start":{"line":39,"column":0},"end":{"line":39,"column":0}},"39":{"start":{"line":40,"column":0},"end":{"line":40,"column":42}},"40":{"start":{"line":41,"column":0},"end":{"line":41,"column":22}},"41":{"start":{"line":42,"column":0},"end":{"line":42,"column":23}},"42":{"start":{"line":43,"column":0},"end":{"line":43,"column":4}},"43":{"start":{"line":44,"column":0},"end":{"line":44,"column":0}},"44":{"start":{"line":45,"column":0},"end":{"line":45,"column":34}},"45":{"start":{"line":46,"column":0},"end":{"line":46,"column":40}},"46":{"start":{"line":47,"column":0},"end":{"line":47,"column":56}},"47":{"start":{"line":48,"column":0},"end":{"line":48,"column":24}},"48":{"start":{"line":49,"column":0},"end":{"line":49,"column":20}},"49":{"start":{"line":50,"column":0},"end":{"line":50,"column":4}},"50":{"start":{"line":51,"column":0},"end":{"line":51,"column":0}},"51":{"start":{"line":52,"column":0},"end":{"line":52,"column":34}},"52":{"start":{"line":53,"column":0},"end":{"line":53,"column":24}},"53":{"start":{"line":54,"column":0},"end":{"line":54,"column":20}},"54":{"start":{"line":55,"column":0},"end":{"line":55,"column":4}},"55":{"start":{"line":56,"column":0},"end":{"line":56,"column":0}},"56":{"start":{"line":57,"column":0},"end":{"line":57,"column":36}},"57":{"start":{"line":58,"column":0},"end":{"line":58,"column":19}},"58":{"start":{"line":59,"column":0},"end":{"line":59,"column":69}},"59":{"start":{"line":60,"column":0},"end":{"line":60,"column":4}},"60":{"start":{"line":61,"column":0},"end":{"line":61,"column":0}},"61":{"start":{"line":62,"column":0},"end":{"line":62,"column":53}},"62":{"start":{"line":63,"column":0},"end":{"line":63,"column":41}},"63":{"start":{"line":64,"column":0},"end":{"line":64,"column":14}},"64":{"start":{"line":65,"column":0},"end":{"line":65,"column":61}},"65":{"start":{"line":66,"column":0},"end":{"line":66,"column":64}},"66":{"start":{"line":67,"column":0},"end":{"line":67,"column":4}},"67":{"start":{"line":68,"column":0},"end":{"line":68,"column":0}},"68":{"start":{"line":69,"column":0},"end":{"line":69,"column":50}},"69":{"start":{"line":70,"column":0},"end":{"line":70,"column":0}},"70":{"start":{"line":71,"column":0},"end":{"line":71,"column":10}},"71":{"start":{"line":72,"column":0},"end":{"line":72,"column":14}},"72":{"start":{"line":73,"column":0},"end":{"line":73,"column":31}},"73":{"start":{"line":74,"column":0},"end":{"line":74,"column":14}},"74":{"start":{"line":75,"column":0},"end":{"line":75,"column":41}},"75":{"start":{"line":76,"column":0},"end":{"line":76,"column":35}},"76":{"start":{"line":77,"column":0},"end":{"line":77,"column":37}},"77":{"start":{"line":78,"column":0},"end":{"line":78,"column":8}},"78":{"start":{"line":79,"column":0},"end":{"line":79,"column":0}},"79":{"start":{"line":80,"column":0},"end":{"line":80,"column":52}},"80":{"start":{"line":81,"column":0},"end":{"line":81,"column":38}},"81":{"start":{"line":82,"column":0},"end":{"line":82,"column":45}},"82":{"start":{"line":83,"column":0},"end":{"line":83,"column":22}},"83":{"start":{"line":84,"column":0},"end":{"line":84,"column":47}},"84":{"start":{"line":85,"column":0},"end":{"line":85,"column":50}},"85":{"start":{"line":86,"column":0},"end":{"line":86,"column":43}},"86":{"start":{"line":87,"column":0},"end":{"line":87,"column":41}},"87":{"start":{"line":88,"column":0},"end":{"line":88,"column":23}},"88":{"start":{"line":89,"column":0},"end":{"line":89,"column":22}},"89":{"start":{"line":90,"column":0},"end":{"line":90,"column":21}},"90":{"start":{"line":91,"column":0},"end":{"line":91,"column":18}},"91":{"start":{"line":92,"column":0},"end":{"line":92,"column":22}},"92":{"start":{"line":93,"column":0},"end":{"line":93,"column":24}},"93":{"start":{"line":94,"column":0},"end":{"line":94,"column":30}},"94":{"start":{"line":95,"column":0},"end":{"line":95,"column":25}},"95":{"start":{"line":96,"column":0},"end":{"line":96,"column":29}},"96":{"start":{"line":97,"column":0},"end":{"line":97,"column":31}},"97":{"start":{"line":98,"column":0},"end":{"line":98,"column":65}},"98":{"start":{"line":99,"column":0},"end":{"line":99,"column":41}},"99":{"start":{"line":100,"column":0},"end":{"line":100,"column":67}},"100":{"start":{"line":101,"column":0},"end":{"line":101,"column":19}},"101":{"start":{"line":102,"column":0},"end":{"line":102,"column":51}},"102":{"start":{"line":103,"column":0},"end":{"line":103,"column":49}},"103":{"start":{"line":104,"column":0},"end":{"line":104,"column":53}},"104":{"start":{"line":105,"column":0},"end":{"line":105,"column":41}},"105":{"start":{"line":106,"column":0},"end":{"line":106,"column":37}},"106":{"start":{"line":107,"column":0},"end":{"line":107,"column":43}},"107":{"start":{"line":108,"column":0},"end":{"line":108,"column":18}},"108":{"start":{"line":109,"column":0},"end":{"line":109,"column":17}},"109":{"start":{"line":110,"column":0},"end":{"line":110,"column":22}},"110":{"start":{"line":111,"column":0},"end":{"line":111,"column":16}},"111":{"start":{"line":112,"column":0},"end":{"line":112,"column":23}},"112":{"start":{"line":113,"column":0},"end":{"line":113,"column":36}},"113":{"start":{"line":114,"column":0},"end":{"line":114,"column":24}},"114":{"start":{"line":115,"column":0},"end":{"line":115,"column":15}},"115":{"start":{"line":116,"column":0},"end":{"line":116,"column":4}},"116":{"start":{"line":117,"column":0},"end":{"line":117,"column":2}},"117":{"start":{"line":118,"column":0},"end":{"line":118,"column":0}},"118":{"start":{"line":119,"column":0},"end":{"line":119,"column":24}}},"s":{"0":1,"1":1,"2":1,"3":1,"4":1,"5":1,"6":1,"7":1,"8":1,"9":1,"10":1,"11":1,"12":1,"13":1,"14":1,"15":1,"16":1,"17":11,"18":11,"19":11,"20":11,"21":11,"22":11,"23":11,"24":11,"25":11,"26":11,"27":11,"28":11,"29":11,"30":11,"31":11,"32":0,"33":0,"34":0,"35":0,"36":0,"37":0,"38":11,"39":11,"40":1,"41":1,"42":1,"43":11,"44":11,"45":1,"46":1,"47":1,"48":1,"49":1,"50":11,"51":11,"52":0,"53":0,"54":0,"55":11,"56":11,"57":1,"58":1,"59":1,"60":11,"61":11,"62":1,"63":1,"64":1,"65":0,"66":1,"67":11,"68":11,"69":9,"70":9,"71":9,"72":9,"73":9,"74":9,"75":9,"76":9,"77":9,"78":9,"79":9,"80":9,"81":9,"82":9,"83":9,"84":9,"85":9,"86":9,"87":9,"88":9,"89":9,"90":9,"91":9,"92":9,"93":9,"94":8,"95":8,"96":8,"97":8,"98":8,"99":1,"100":8,"101":8,"102":8,"103":8,"104":8,"105":8,"106":8,"107":8,"108":9,"109":9,"110":9,"111":9,"112":11,"113":11,"114":11,"115":11,"116":11,"117":1,"118":1},"branchMap":{"0":{"type":"branch","line":17,"loc":{"start":{"line":17,"column":17},"end":{"line":117,"column":2}},"locations":[{"start":{"line":17,"column":17},"end":{"line":117,"column":2}}]},"1":{"type":"branch","line":69,"loc":{"start":{"line":69,"column":13},"end":{"line":69,"column":50}},"locations":[{"start":{"line":69,"column":13},"end":{"line":69,"column":50}}]},"2":{"type":"branch","line":69,"loc":{"start":{"line":69,"column":45},"end":{"line":113,"column":18}},"locations":[{"start":{"line":69,"column":45},"end":{"line":113,"column":18}}]},"3":{"type":"branch","line":113,"loc":{"start":{"line":113,"column":7},"end":{"line":113,"column":36}},"locations":[{"start":{"line":113,"column":7},"end":{"line":113,"column":36}}]},"4":{"type":"branch","line":40,"loc":{"start":{"line":40,"column":26},"end":{"line":43,"column":4}},"locations":[{"start":{"line":40,"column":26},"end":{"line":43,"column":4}}]},"5":{"type":"branch","line":45,"loc":{"start":{"line":45,"column":25},"end":{"line":50,"column":4}},"locations":[{"start":{"line":45,"column":25},"end":{"line":50,"column":4}}]},"6":{"type":"branch","line":57,"loc":{"start":{"line":57,"column":27},"end":{"line":60,"column":4}},"locations":[{"start":{"line":57,"column":27},"end":{"line":60,"column":4}}]},"7":{"type":"branch","line":62,"loc":{"start":{"line":62,"column":33},"end":{"line":67,"column":4}},"locations":[{"start":{"line":62,"column":33},"end":{"line":67,"column":4}}]},"8":{"type":"branch","line":65,"loc":{"start":{"line":65,"column":60},"end":{"line":66,"column":64}},"locations":[{"start":{"line":65,"column":60},"end":{"line":66,"column":64}}]},"9":{"type":"branch","line":94,"loc":{"start":{"line":94,"column":19},"end":{"line":108,"column":18}},"locations":[{"start":{"line":94,"column":19},"end":{"line":108,"column":18}}]},"10":{"type":"branch","line":98,"loc":{"start":{"line":98,"column":33},"end":{"line":98,"column":65}},"locations":[{"start":{"line":98,"column":33},"end":{"line":98,"column":65}}]},"11":{"type":"branch","line":99,"loc":{"start":{"line":99,"column":36},"end":{"line":100,"column":67}},"locations":[{"start":{"line":99,"column":36},"end":{"line":100,"column":67}}]}},"b":{"0":[11],"1":[1],"2":[9],"3":[1],"4":[1],"5":[1],"6":[1],"7":[1],"8":[0],"9":[8],"10":[1],"11":[1]},"fnMap":{"0":{"name":"TodoList","decl":{"start":{"line":17,"column":17},"end":{"line":117,"column":2}},"loc":{"start":{"line":17,"column":17},"end":{"line":117,"column":2}},"line":17},"1":{"name":"handleAddTodo","decl":{"start":{"line":32,"column":24},"end":{"line":38,"column":4}},"loc":{"start":{"line":32,"column":24},"end":{"line":38,"column":4}},"line":32},"2":{"name":"handleEditStart","decl":{"start":{"line":40,"column":26},"end":{"line":43,"column":4}},"loc":{"start":{"line":40,"column":26},"end":{"line":43,"column":4}},"line":40},"3":{"name":"handleEditSave","decl":{"start":{"line":45,"column":25},"end":{"line":50,"column":4}},"loc":{"start":{"line":45,"column":25},"end":{"line":50,"column":4}},"line":45},"4":{"name":"handleEditCancel","decl":{"start":{"line":52,"column":27},"end":{"line":55,"column":4}},"loc":{"start":{"line":52,"column":27},"end":{"line":55,"column":4}},"line":52},"5":{"name":"handleDeleteTodo","decl":{"start":{"line":57,"column":27},"end":{"line":60,"column":4}},"loc":{"start":{"line":57,"column":27},"end":{"line":60,"column":4}},"line":57},"6":{"name":"handleToggleCompletion","decl":{"start":{"line":62,"column":33},"end":{"line":67,"column":4}},"loc":{"start":{"line":62,"column":33},"end":{"line":67,"column":4}},"line":62},"7":{"name":"deleteHandler","decl":{"start":{"line":98,"column":33},"end":{"line":98,"column":65}},"loc":{"start":{"line":98,"column":33},"end":{"line":98,"column":65}},"line":98},"8":{"name":"toggleCompletion","decl":{"start":{"line":99,"column":36},"end":{"line":100,"column":67}},"loc":{"start":{"line":99,"column":36},"end":{"line":100,"column":67}},"line":99}},"f":{"0":11,"1":0,"2":1,"3":1,"4":0,"5":1,"6":1,"7":1,"8":1}}
,"/Users/ashishkryadav/Desktop/React_App/Assignment/todo App/crudWithLoginApp/src/services/Todo.service.jsx": {"path":"/Users/ashishkryadav/Desktop/React_App/Assignment/todo App/crudWithLoginApp/src/services/Todo.service.jsx","all":false,"statementMap":{"0":{"start":{"line":1,"column":0},"end":{"line":1,"column":44}},"1":{"start":{"line":2,"column":0},"end":{"line":2,"column":26}},"2":{"start":{"line":3,"column":0},"end":{"line":3,"column":0}},"3":{"start":{"line":4,"column":0},"end":{"line":4,"column":47}},"4":{"start":{"line":5,"column":0},"end":{"line":5,"column":0}},"5":{"start":{"line":6,"column":0},"end":{"line":6,"column":30}},"6":{"start":{"line":7,"column":0},"end":{"line":7,"column":41}},"7":{"start":{"line":8,"column":0},"end":{"line":8,"column":48}},"8":{"start":{"line":9,"column":0},"end":{"line":9,"column":43}},"9":{"start":{"line":10,"column":0},"end":{"line":10,"column":0}},"10":{"start":{"line":11,"column":0},"end":{"line":11,"column":34}},"11":{"start":{"line":12,"column":0},"end":{"line":12,"column":21}},"12":{"start":{"line":13,"column":0},"end":{"line":13,"column":9}},"13":{"start":{"line":14,"column":0},"end":{"line":14,"column":49}},"14":{"start":{"line":15,"column":0},"end":{"line":15,"column":30}},"15":{"start":{"line":16,"column":0},"end":{"line":16,"column":19}},"16":{"start":{"line":17,"column":0},"end":{"line":17,"column":20}},"17":{"start":{"line":18,"column":0},"end":{"line":18,"column":15}},"18":{"start":{"line":19,"column":0},"end":{"line":19,"column":24}},"19":{"start":{"line":20,"column":0},"end":{"line":20,"column":5}},"20":{"start":{"line":21,"column":0},"end":{"line":21,"column":4}},"21":{"start":{"line":22,"column":0},"end":{"line":22,"column":0}},"22":{"start":{"line":23,"column":0},"end":{"line":23,"column":35}},"23":{"start":{"line":24,"column":0},"end":{"line":24,"column":21}},"24":{"start":{"line":25,"column":0},"end":{"line":25,"column":9}},"25":{"start":{"line":26,"column":0},"end":{"line":26,"column":56}},"26":{"start":{"line":27,"column":0},"end":{"line":27,"column":43}},"27":{"start":{"line":28,"column":0},"end":{"line":28,"column":19}},"28":{"start":{"line":29,"column":0},"end":{"line":29,"column":23}},"29":{"start":{"line":30,"column":0},"end":{"line":30,"column":20}},"30":{"start":{"line":31,"column":0},"end":{"line":31,"column":15}},"31":{"start":{"line":32,"column":0},"end":{"line":32,"column":24}},"32":{"start":{"line":33,"column":0},"end":{"line":33,"column":5}},"33":{"start":{"line":34,"column":0},"end":{"line":34,"column":4}},"34":{"start":{"line":35,"column":0},"end":{"line":35,"column":0}},"35":{"start":{"line":36,"column":0},"end":{"line":36,"column":36}},"36":{"start":{"line":37,"column":0},"end":{"line":37,"column":21}},"37":{"start":{"line":38,"column":0},"end":{"line":38,"column":9}},"38":{"start":{"line":39,"column":0},"end":{"line":39,"column":46}},"39":{"start":{"line":40,"column":0},"end":{"line":40,"column":55}},"40":{"start":{"line":41,"column":0},"end":{"line":41,"column":19}},"41":{"start":{"line":42,"column":0},"end":{"line":42,"column":20}},"42":{"start":{"line":43,"column":0},"end":{"line":43,"column":15}},"43":{"start":{"line":44,"column":0},"end":{"line":44,"column":24}},"44":{"start":{"line":45,"column":0},"end":{"line":45,"column":5}},"45":{"start":{"line":46,"column":0},"end":{"line":46,"column":4}},"46":{"start":{"line":47,"column":0},"end":{"line":47,"column":0}},"47":{"start":{"line":48,"column":0},"end":{"line":48,"column":49}},"48":{"start":{"line":49,"column":0},"end":{"line":49,"column":21}},"49":{"start":{"line":50,"column":0},"end":{"line":50,"column":9}},"50":{"start":{"line":51,"column":0},"end":{"line":51,"column":73}},"51":{"start":{"line":52,"column":0},"end":{"line":52,"column":15}},"52":{"start":{"line":53,"column":0},"end":{"line":53,"column":27}},"53":{"start":{"line":54,"column":0},"end":{"line":54,"column":63}},"54":{"start":{"line":55,"column":0},"end":{"line":55,"column":9}},"55":{"start":{"line":56,"column":0},"end":{"line":56,"column":8}},"56":{"start":{"line":57,"column":0},"end":{"line":57,"column":19}},"57":{"start":{"line":58,"column":0},"end":{"line":58,"column":20}},"58":{"start":{"line":59,"column":0},"end":{"line":59,"column":15}},"59":{"start":{"line":60,"column":0},"end":{"line":60,"column":24}},"60":{"start":{"line":61,"column":0},"end":{"line":61,"column":5}},"61":{"start":{"line":62,"column":0},"end":{"line":62,"column":4}},"62":{"start":{"line":63,"column":0},"end":{"line":63,"column":0}},"63":{"start":{"line":64,"column":0},"end":{"line":64,"column":57}},"64":{"start":{"line":65,"column":0},"end":{"line":65,"column":21}},"65":{"start":{"line":66,"column":0},"end":{"line":66,"column":9}},"66":{"start":{"line":67,"column":0},"end":{"line":67,"column":77}},"67":{"start":{"line":68,"column":0},"end":{"line":68,"column":15}},"68":{"start":{"line":69,"column":0},"end":{"line":69,"column":27}},"69":{"start":{"line":70,"column":0},"end":{"line":70,"column":63}},"70":{"start":{"line":71,"column":0},"end":{"line":71,"column":9}},"71":{"start":{"line":72,"column":0},"end":{"line":72,"column":8}},"72":{"start":{"line":73,"column":0},"end":{"line":73,"column":19}},"73":{"start":{"line":74,"column":0},"end":{"line":74,"column":20}},"74":{"start":{"line":75,"column":0},"end":{"line":75,"column":15}},"75":{"start":{"line":76,"column":0},"end":{"line":76,"column":24}},"76":{"start":{"line":77,"column":0},"end":{"line":77,"column":5}},"77":{"start":{"line":78,"column":0},"end":{"line":78,"column":4}},"78":{"start":{"line":79,"column":0},"end":{"line":79,"column":0}},"79":{"start":{"line":80,"column":0},"end":{"line":80,"column":19}},"80":{"start":{"line":81,"column":0},"end":{"line":81,"column":17}},"81":{"start":{"line":82,"column":0},"end":{"line":82,"column":9}},"82":{"start":{"line":83,"column":0},"end":{"line":83,"column":0}},"83":{"start":{"line":84,"column":0},"end":{"line":84,"column":10}},"84":{"start":{"line":85,"column":0},"end":{"line":85,"column":10}},"85":{"start":{"line":86,"column":0},"end":{"line":86,"column":12}},"86":{"start":{"line":87,"column":0},"end":{"line":87,"column":10}},"87":{"start":{"line":88,"column":0},"end":{"line":88,"column":15}},"88":{"start":{"line":89,"column":0},"end":{"line":89,"column":12}},"89":{"start":{"line":90,"column":0},"end":{"line":90,"column":15}},"90":{"start":{"line":91,"column":0},"end":{"line":91,"column":15}},"91":{"start":{"line":92,"column":0},"end":{"line":92,"column":25}},"92":{"start":{"line":93,"column":0},"end":{"line":93,"column":4}},"93":{"start":{"line":94,"column":0},"end":{"line":94,"column":2}},"94":{"start":{"line":95,"column":0},"end":{"line":95,"column":0}},"95":{"start":{"line":96,"column":0},"end":{"line":96,"column":30}}},"s":{"0":1,"1":1,"2":1,"3":1,"4":1,"5":1,"6":32,"7":32,"8":32,"9":32,"10":32,"11":5,"12":5,"13":5,"14":5,"15":5,"16":1,"17":5,"18":5,"19":5,"20":5,"21":32,"22":32,"23":1,"24":1,"25":1,"26":1,"27":1,"28":0,"29":0,"30":1,"31":1,"32":1,"33":1,"34":32,"35":32,"36":1,"37":1,"38":1,"39":1,"40":1,"41":0,"42":1,"43":1,"44":1,"45":1,"46":32,"47":32,"48":1,"49":1,"50":1,"51":1,"52":1,"53":1,"54":1,"55":1,"56":1,"57":0,"58":1,"59":1,"60":1,"61":1,"62":32,"63":32,"64":1,"65":1,"66":1,"67":1,"68":1,"69":1,"70":1,"71":1,"72":1,"73":0,"74":1,"75":1,"76":1,"77":1,"78":32,"79":32,"80":5,"81":32,"82":32,"83":32,"84":32,"85":32,"86":32,"87":32,"88":32,"89":32,"90":32,"91":32,"92":32,"93":32,"94":1,"95":1},"branchMap":{"0":{"type":"branch","line":6,"loc":{"start":{"line":6,"column":23},"end":{"line":94,"column":2}},"locations":[{"start":{"line":6,"column":23},"end":{"line":94,"column":2}}]},"1":{"type":"branch","line":11,"loc":{"start":{"line":11,"column":21},"end":{"line":21,"column":4}},"locations":[{"start":{"line":11,"column":21},"end":{"line":21,"column":4}}]},"2":{"type":"branch","line":16,"loc":{"start":{"line":16,"column":4},"end":{"line":18,"column":6}},"locations":[{"start":{"line":16,"column":4},"end":{"line":18,"column":6}}]},"3":{"type":"branch","line":23,"loc":{"start":{"line":23,"column":18},"end":{"line":34,"column":4}},"locations":[{"start":{"line":23,"column":18},"end":{"line":34,"column":4}}]},"4":{"type":"branch","line":28,"loc":{"start":{"line":28,"column":4},"end":{"line":31,"column":6}},"locations":[{"start":{"line":28,"column":4},"end":{"line":31,"column":6}}]},"5":{"type":"branch","line":36,"loc":{"start":{"line":36,"column":21},"end":{"line":46,"column":4}},"locations":[{"start":{"line":36,"column":21},"end":{"line":46,"column":4}}]},"6":{"type":"branch","line":41,"loc":{"start":{"line":41,"column":4},"end":{"line":43,"column":6}},"locations":[{"start":{"line":41,"column":4},"end":{"line":43,"column":6}}]},"7":{"type":"branch","line":40,"loc":{"start":{"line":40,"column":28},"end":{"line":40,"column":52}},"locations":[{"start":{"line":40,"column":28},"end":{"line":40,"column":52}}]},"8":{"type":"branch","line":48,"loc":{"start":{"line":48,"column":21},"end":{"line":62,"column":4}},"locations":[{"start":{"line":48,"column":21},"end":{"line":62,"column":4}}]},"9":{"type":"branch","line":57,"loc":{"start":{"line":57,"column":4},"end":{"line":59,"column":6}},"locations":[{"start":{"line":57,"column":4},"end":{"line":59,"column":6}}]},"10":{"type":"branch","line":53,"loc":{"start":{"line":53,"column":18},"end":{"line":54,"column":63}},"locations":[{"start":{"line":53,"column":18},"end":{"line":54,"column":63}}]},"11":{"type":"branch","line":54,"loc":{"start":{"line":54,"column":55},"end":{"line":54,"column":63}},"locations":[{"start":{"line":54,"column":55},"end":{"line":54,"column":63}}]},"12":{"type":"branch","line":64,"loc":{"start":{"line":64,"column":31},"end":{"line":78,"column":4}},"locations":[{"start":{"line":64,"column":31},"end":{"line":78,"column":4}}]},"13":{"type":"branch","line":73,"loc":{"start":{"line":73,"column":4},"end":{"line":75,"column":6}},"locations":[{"start":{"line":73,"column":4},"end":{"line":75,"column":6}}]},"14":{"type":"branch","line":69,"loc":{"start":{"line":69,"column":18},"end":{"line":70,"column":63}},"locations":[{"start":{"line":69,"column":18},"end":{"line":70,"column":63}}]},"15":{"type":"branch","line":70,"loc":{"start":{"line":70,"column":55},"end":{"line":70,"column":63}},"locations":[{"start":{"line":70,"column":55},"end":{"line":70,"column":63}}]},"16":{"type":"branch","line":80,"loc":{"start":{"line":80,"column":12},"end":{"line":82,"column":5}},"locations":[{"start":{"line":80,"column":12},"end":{"line":82,"column":5}}]}},"b":{"0":[32],"1":[5],"2":[1],"3":[1],"4":[0],"5":[1],"6":[0],"7":[1],"8":[1],"9":[0],"10":[1],"11":[0],"12":[1],"13":[0],"14":[1],"15":[0],"16":[5]},"fnMap":{"0":{"name":"useTodoService","decl":{"start":{"line":6,"column":23},"end":{"line":94,"column":2}},"loc":{"start":{"line":6,"column":23},"end":{"line":94,"column":2}},"line":6},"1":{"name":"fetchTodos","decl":{"start":{"line":11,"column":21},"end":{"line":21,"column":4}},"loc":{"start":{"line":11,"column":21},"end":{"line":21,"column":4}},"line":11},"2":{"name":"addTodo","decl":{"start":{"line":23,"column":18},"end":{"line":34,"column":4}},"loc":{"start":{"line":23,"column":18},"end":{"line":34,"column":4}},"line":23},"3":{"name":"deleteTodo","decl":{"start":{"line":36,"column":21},"end":{"line":46,"column":4}},"loc":{"start":{"line":36,"column":21},"end":{"line":46,"column":4}},"line":36},"4":{"name":"updateTodo","decl":{"start":{"line":48,"column":21},"end":{"line":62,"column":4}},"loc":{"start":{"line":48,"column":21},"end":{"line":62,"column":4}},"line":48},"5":{"name":"toggleTodoCompletion","decl":{"start":{"line":64,"column":31},"end":{"line":78,"column":4}},"loc":{"start":{"line":64,"column":31},"end":{"line":78,"column":4}},"line":64}},"f":{"0":32,"1":5,"2":1,"3":1,"4":1,"5":1}}
}
